[2020-10-21 10:50:59] production.ERROR: Symfony\Component\Debug\Exception\FatalThrowableError: Parse error: syntax error, unexpected end of file, expecting elseif (T_ELSEIF) or else (T_ELSE) or endif (T_ENDIF) in /home/vagrant/code/public/statamic/core/View/Antlers/Parser.php(1235) : eval()'d code:62
Stack trace:
#0 /home/vagrant/code/public/statamic/core/View/Antlers/Parser.php(772): Statamic\View\Antlers\Parser->parsePhp()
#1 /home/vagrant/code/public/statamic/core/View/Antlers/Parser.php(107): Statamic\View\Antlers\Parser->parseConditionals()
#2 /home/vagrant/code/public/statamic/core/View/Antlers/Template.php(32): Statamic\View\Antlers\Parser->parse()
#3 /home/vagrant/code/public/statamic/core/API/Parse.php(22): Statamic\View\Antlers\Template::parse()
#4 /home/vagrant/code/public/statamic/bundles/Partial/PartialTags.php(30): Statamic\API\Parse::template()
#5 [internal function]: Statamic\Addons\Partial\PartialTags->__call()
#6 /home/vagrant/code/public/statamic/core/View/Antlers/Engine.php(163): call_user_func()
#7 [internal function]: Statamic\View\Antlers\Engine::renderTag()
#8 /home/vagrant/code/public/statamic/core/View/Antlers/Parser.php(513): call_user_func_array()
#9 /home/vagrant/code/public/statamic/core/View/Antlers/Parser.php(113): Statamic\View\Antlers\Parser->parseCallbackTags()
#10 /home/vagrant/code/public/statamic/core/View/Antlers/Template.php(32): Statamic\View\Antlers\Parser->parse()
#11 /home/vagrant/code/public/statamic/core/API/Parse.php(22): Statamic\View\Antlers\Template::parse()
#12 /home/vagrant/code/public/statamic/core/View/Antlers/Engine.php(76): Statamic\API\Parse::template()
#13 /home/vagrant/code/public/statamic/vendor/laravel/framework/src/Illuminate/View/View.php(147): Statamic\View\Antlers\Engine->get()
#14 /home/vagrant/code/public/statamic/vendor/laravel/framework/src/Illuminate/View/View.php(118): Illuminate\View\View->getContents()
#15 /home/vagrant/code/public/statamic/vendor/laravel/framework/src/Illuminate/View/View.php(83): Illuminate\View\View->renderContents()
#16 /home/vagrant/code/public/statamic/vendor/laravel/framework/src/Illuminate/Http/Response.php(51): Illuminate\View\View->render()
#17 /home/vagrant/code/public/statamic/core/Http/Controllers/StatamicController.php(253): Illuminate\Http\Response->setContent()
#18 [internal function]: Statamic\Http\Controllers\StatamicController->index()
#19 /home/vagrant/code/public/statamic/vendor/laravel/framework/src/Illuminate/Routing/Controller.php(256): call_user_func_array()
#20 /home/vagrant/code/public/statamic/vendor/laravel/framework/src/Illuminate/Routing/ControllerDispatcher.php(164): Illuminate\Routing\Controller->callAction()
#21 /home/vagrant/code/public/statamic/vendor/laravel/framework/src/Illuminate/Routing/ControllerDispatcher.php(112): Illuminate\Routing\ControllerDispatcher->call()
#22 [internal function]: Illuminate\Routing\ControllerDispatcher->Illuminate\Routing\{closure}()
#23 /home/vagrant/code/public/statamic/vendor/laravel/framework/src/Illuminate/Pipeline/Pipeline.php(139): call_user_func()
#24 [internal function]: Illuminate\Pipeline\Pipeline->Illuminate\Pipeline\{closure}()
#25 /home/vagrant/code/public/statamic/vendor/laravel/framework/src/Illuminate/Pipeline/Pipeline.php(102): call_user_func()
#26 /home/vagrant/code/public/statamic/vendor/laravel/framework/src/Illuminate/Routing/ControllerDispatcher.php(114): Illuminate\Pipeline\Pipeline->then()
#27 /home/vagrant/code/public/statamic/vendor/laravel/framework/src/Illuminate/Routing/ControllerDispatcher.php(68): Illuminate\Routing\ControllerDispatcher->callWithinStack()
#28 /home/vagrant/code/public/statamic/vendor/laravel/framework/src/Illuminate/Routing/Route.php(203): Illuminate\Routing\ControllerDispatcher->dispatch()
#29 /home/vagrant/code/public/statamic/vendor/laravel/framework/src/Illuminate/Routing/Route.php(134): Illuminate\Routing\Route->runWithCustomDispatcher()
#30 /home/vagrant/code/public/statamic/vendor/laravel/framework/src/Illuminate/Routing/Router.php(708): Illuminate\Routing\Route->run()
#31 [internal function]: Illuminate\Routing\Router->Illuminate\Routing\{closure}()
#32 /home/vagrant/code/public/statamic/vendor/laravel/framework/src/Illuminate/Pipeline/Pipeline.php(139): call_user_func()
#33 /home/vagrant/code/public/statamic/core/StaticCaching/Middleware/Cache.php(30): Illuminate\Pipeline\Pipeline->Illuminate\Pipeline\{closure}()
#34 [internal function]: Statamic\StaticCaching\Middleware\Cache->handle()
#35 /home/vagrant/code/public/statamic/vendor/laravel/framework/src/Illuminate/Pipeline/Pipeline.php(124): call_user_func_array()
#36 [internal function]: Illuminate\Pipeline\Pipeline->Illuminate\Pipeline\{closure}()
#37 /home/vagrant/code/public/statamic/vendor/laravel/framework/src/Illuminate/Pipeline/Pipeline.php(102): call_user_func()
#38 /home/vagrant/code/public/statamic/vendor/laravel/framework/src/Illuminate/Routing/Router.php(710): Illuminate\Pipeline\Pipeline->then()
#39 /home/vagrant/code/public/statamic/vendor/laravel/framework/src/Illuminate/Routing/Router.php(674): Illuminate\Routing\Router->runRouteWithinStack()
#40 /home/vagrant/code/public/statamic/vendor/laravel/framework/src/Illuminate/Routing/Router.php(635): Illuminate\Routing\Router->dispatchToRoute()
#41 /home/vagrant/code/public/statamic/vendor/laravel/framework/src/Illuminate/Foundation/Http/Kernel.php(236): Illuminate\Routing\Router->dispatch()
#42 [internal function]: Illuminate\Foundation\Http\Kernel->Illuminate\Foundation\Http\{closure}()
#43 /home/vagrant/code/public/statamic/vendor/laravel/framework/src/Illuminate/Pipeline/Pipeline.php(139): call_user_func()
#44 /home/vagrant/code/public/statamic/core/Http/Middleware/TransformsRequest.php(31): Illuminate\Pipeline\Pipeline->Illuminate\Pipeline\{closure}()
#45 [internal function]: Statamic\Http\Middleware\TransformsRequest->handle()
#46 /home/vagrant/code/public/statamic/vendor/laravel/framework/src/Illuminate/Pipeline/Pipeline.php(124): call_user_func_array()
#47 /home/vagrant/code/public/statamic/vendor/laravel/framework/src/Illuminate/Foundation/Http/Middleware/VerifyCsrfToken.php(50): Illuminate\Pipeline\Pipeline->Illuminate\Pipeline\{closure}()
#48 [internal function]: Illuminate\Foundation\Http\Middleware\VerifyCsrfToken->handle()
#49 /home/vagrant/code/public/statamic/vendor/laravel/framework/src/Illuminate/Pipeline/Pipeline.php(124): call_user_func_array()
#50 /home/vagrant/code/public/statamic/vendor/laravel/framework/src/Illuminate/View/Middleware/ShareErrorsFromSession.php(49): Illuminate\Pipeline\Pipeline->Illuminate\Pipeline\{closure}()
#51 [internal function]: Illuminate\View\Middleware\ShareErrorsFromSession->handle()
#52 /home/vagrant/code/public/statamic/vendor/laravel/framework/src/Illuminate/Pipeline/Pipeline.php(124): call_user_func_array()
#53 /home/vagrant/code/public/statamic/vendor/laravel/framework/src/Illuminate/Session/Middleware/StartSession.php(62): Illuminate\Pipeline\Pipeline->Illuminate\Pipeline\{closure}()
#54 [internal function]: Illuminate\Session\Middleware\StartSession->handle()
#55 /home/vagrant/code/public/statamic/vendor/laravel/framework/src/Illuminate/Pipeline/Pipeline.php(124): call_user_func_array()
#56 /home/vagrant/code/public/statamic/vendor/laravel/framework/src/Illuminate/Cookie/Middleware/AddQueuedCookiesToResponse.php(37): Illuminate\Pipeline\Pipeline->Illuminate\Pipeline\{closure}()
#57 [internal function]: Illuminate\Cookie\Middleware\AddQueuedCookiesToResponse->handle()
#58 /home/vagrant/code/public/statamic/vendor/laravel/framework/src/Illuminate/Pipeline/Pipeline.php(124): call_user_func_array()
#59 /home/vagrant/code/public/statamic/vendor/laravel/framework/src/Illuminate/Cookie/Middleware/EncryptCookies.php(59): Illuminate\Pipeline\Pipeline->Illuminate\Pipeline\{closure}()
#60 [internal function]: Illuminate\Cookie\Middleware\EncryptCookies->handle()
#61 /home/vagrant/code/public/statamic/vendor/laravel/framework/src/Illuminate/Pipeline/Pipeline.php(124): call_user_func_array()
#62 /home/vagrant/code/public/statamic/core/StaticCaching/Middleware/Retrieve.php(33): Illuminate\Pipeline\Pipeline->Illuminate\Pipeline\{closure}()
#63 [internal function]: Statamic\StaticCaching\Middleware\Retrieve->handle()
#64 /home/vagrant/code/public/statamic/vendor/laravel/framework/src/Illuminate/Pipeline/Pipeline.php(124): call_user_func_array()
#65 /home/vagrant/code/public/statamic/vendor/laravel/framework/src/Illuminate/Foundation/Http/Middleware/CheckForMaintenanceMode.php(44): Illuminate\Pipeline\Pipeline->Illuminate\Pipeline\{closure}()
#66 [internal function]: Illuminate\Foundation\Http\Middleware\CheckForMaintenanceMode->handle()
#67 /home/vagrant/code/public/statamic/vendor/laravel/framework/src/Illuminate/Pipeline/Pipeline.php(124): call_user_func_array()
#68 [internal function]: Illuminate\Pipeline\Pipeline->Illuminate\Pipeline\{closure}()
#69 /home/vagrant/code/public/statamic/vendor/laravel/framework/src/Illuminate/Pipeline/Pipeline.php(102): call_user_func()
#70 /home/vagrant/code/public/statamic/vendor/laravel/framework/src/Illuminate/Foundation/Http/Kernel.php(122): Illuminate\Pipeline\Pipeline->then()
#71 /home/vagrant/code/public/statamic/vendor/laravel/framework/src/Illuminate/Foundation/Http/Kernel.php(87): Illuminate\Foundation\Http\Kernel->sendRequestThroughRouter()
#72 /home/vagrant/code/public/index.php(167): Illuminate\Foundation\Http\Kernel->handle()
#73 {main}  
[2020-10-21 10:51:14] production.ERROR: Symfony\Component\Debug\Exception\FatalThrowableError: Parse error: syntax error, unexpected end of file, expecting elseif (T_ELSEIF) or else (T_ELSE) or endif (T_ENDIF) in /home/vagrant/code/public/statamic/core/View/Antlers/Parser.php(1235) : eval()'d code:62
Stack trace:
#0 /home/vagrant/code/public/statamic/core/View/Antlers/Parser.php(772): Statamic\View\Antlers\Parser->parsePhp()
#1 /home/vagrant/code/public/statamic/core/View/Antlers/Parser.php(107): Statamic\View\Antlers\Parser->parseConditionals()
#2 /home/vagrant/code/public/statamic/core/View/Antlers/Template.php(32): Statamic\View\Antlers\Parser->parse()
#3 /home/vagrant/code/public/statamic/core/API/Parse.php(22): Statamic\View\Antlers\Template::parse()
#4 /home/vagrant/code/public/statamic/bundles/Partial/PartialTags.php(30): Statamic\API\Parse::template()
#5 [internal function]: Statamic\Addons\Partial\PartialTags->__call()
#6 /home/vagrant/code/public/statamic/core/View/Antlers/Engine.php(163): call_user_func()
#7 [internal function]: Statamic\View\Antlers\Engine::renderTag()
#8 /home/vagrant/code/public/statamic/core/View/Antlers/Parser.php(513): call_user_func_array()
#9 /home/vagrant/code/public/statamic/core/View/Antlers/Parser.php(113): Statamic\View\Antlers\Parser->parseCallbackTags()
#10 /home/vagrant/code/public/statamic/core/View/Antlers/Template.php(32): Statamic\View\Antlers\Parser->parse()
#11 /home/vagrant/code/public/statamic/core/API/Parse.php(22): Statamic\View\Antlers\Template::parse()
#12 /home/vagrant/code/public/statamic/core/View/Antlers/Engine.php(76): Statamic\API\Parse::template()
#13 /home/vagrant/code/public/statamic/vendor/laravel/framework/src/Illuminate/View/View.php(147): Statamic\View\Antlers\Engine->get()
#14 /home/vagrant/code/public/statamic/vendor/laravel/framework/src/Illuminate/View/View.php(118): Illuminate\View\View->getContents()
#15 /home/vagrant/code/public/statamic/vendor/laravel/framework/src/Illuminate/View/View.php(83): Illuminate\View\View->renderContents()
#16 /home/vagrant/code/public/statamic/vendor/laravel/framework/src/Illuminate/Http/Response.php(51): Illuminate\View\View->render()
#17 /home/vagrant/code/public/statamic/core/Http/Controllers/StatamicController.php(253): Illuminate\Http\Response->setContent()
#18 [internal function]: Statamic\Http\Controllers\StatamicController->index()
#19 /home/vagrant/code/public/statamic/vendor/laravel/framework/src/Illuminate/Routing/Controller.php(256): call_user_func_array()
#20 /home/vagrant/code/public/statamic/vendor/laravel/framework/src/Illuminate/Routing/ControllerDispatcher.php(164): Illuminate\Routing\Controller->callAction()
#21 /home/vagrant/code/public/statamic/vendor/laravel/framework/src/Illuminate/Routing/ControllerDispatcher.php(112): Illuminate\Routing\ControllerDispatcher->call()
#22 [internal function]: Illuminate\Routing\ControllerDispatcher->Illuminate\Routing\{closure}()
#23 /home/vagrant/code/public/statamic/vendor/laravel/framework/src/Illuminate/Pipeline/Pipeline.php(139): call_user_func()
#24 [internal function]: Illuminate\Pipeline\Pipeline->Illuminate\Pipeline\{closure}()
#25 /home/vagrant/code/public/statamic/vendor/laravel/framework/src/Illuminate/Pipeline/Pipeline.php(102): call_user_func()
#26 /home/vagrant/code/public/statamic/vendor/laravel/framework/src/Illuminate/Routing/ControllerDispatcher.php(114): Illuminate\Pipeline\Pipeline->then()
#27 /home/vagrant/code/public/statamic/vendor/laravel/framework/src/Illuminate/Routing/ControllerDispatcher.php(68): Illuminate\Routing\ControllerDispatcher->callWithinStack()
#28 /home/vagrant/code/public/statamic/vendor/laravel/framework/src/Illuminate/Routing/Route.php(203): Illuminate\Routing\ControllerDispatcher->dispatch()
#29 /home/vagrant/code/public/statamic/vendor/laravel/framework/src/Illuminate/Routing/Route.php(134): Illuminate\Routing\Route->runWithCustomDispatcher()
#30 /home/vagrant/code/public/statamic/vendor/laravel/framework/src/Illuminate/Routing/Router.php(708): Illuminate\Routing\Route->run()
#31 [internal function]: Illuminate\Routing\Router->Illuminate\Routing\{closure}()
#32 /home/vagrant/code/public/statamic/vendor/laravel/framework/src/Illuminate/Pipeline/Pipeline.php(139): call_user_func()
#33 /home/vagrant/code/public/statamic/core/StaticCaching/Middleware/Cache.php(30): Illuminate\Pipeline\Pipeline->Illuminate\Pipeline\{closure}()
#34 [internal function]: Statamic\StaticCaching\Middleware\Cache->handle()
#35 /home/vagrant/code/public/statamic/vendor/laravel/framework/src/Illuminate/Pipeline/Pipeline.php(124): call_user_func_array()
#36 [internal function]: Illuminate\Pipeline\Pipeline->Illuminate\Pipeline\{closure}()
#37 /home/vagrant/code/public/statamic/vendor/laravel/framework/src/Illuminate/Pipeline/Pipeline.php(102): call_user_func()
#38 /home/vagrant/code/public/statamic/vendor/laravel/framework/src/Illuminate/Routing/Router.php(710): Illuminate\Pipeline\Pipeline->then()
#39 /home/vagrant/code/public/statamic/vendor/laravel/framework/src/Illuminate/Routing/Router.php(674): Illuminate\Routing\Router->runRouteWithinStack()
#40 /home/vagrant/code/public/statamic/vendor/laravel/framework/src/Illuminate/Routing/Router.php(635): Illuminate\Routing\Router->dispatchToRoute()
#41 /home/vagrant/code/public/statamic/vendor/laravel/framework/src/Illuminate/Foundation/Http/Kernel.php(236): Illuminate\Routing\Router->dispatch()
#42 [internal function]: Illuminate\Foundation\Http\Kernel->Illuminate\Foundation\Http\{closure}()
#43 /home/vagrant/code/public/statamic/vendor/laravel/framework/src/Illuminate/Pipeline/Pipeline.php(139): call_user_func()
#44 /home/vagrant/code/public/statamic/core/Http/Middleware/TransformsRequest.php(31): Illuminate\Pipeline\Pipeline->Illuminate\Pipeline\{closure}()
#45 [internal function]: Statamic\Http\Middleware\TransformsRequest->handle()
#46 /home/vagrant/code/public/statamic/vendor/laravel/framework/src/Illuminate/Pipeline/Pipeline.php(124): call_user_func_array()
#47 /home/vagrant/code/public/statamic/vendor/laravel/framework/src/Illuminate/Foundation/Http/Middleware/VerifyCsrfToken.php(50): Illuminate\Pipeline\Pipeline->Illuminate\Pipeline\{closure}()
#48 [internal function]: Illuminate\Foundation\Http\Middleware\VerifyCsrfToken->handle()
#49 /home/vagrant/code/public/statamic/vendor/laravel/framework/src/Illuminate/Pipeline/Pipeline.php(124): call_user_func_array()
#50 /home/vagrant/code/public/statamic/vendor/laravel/framework/src/Illuminate/View/Middleware/ShareErrorsFromSession.php(49): Illuminate\Pipeline\Pipeline->Illuminate\Pipeline\{closure}()
#51 [internal function]: Illuminate\View\Middleware\ShareErrorsFromSession->handle()
#52 /home/vagrant/code/public/statamic/vendor/laravel/framework/src/Illuminate/Pipeline/Pipeline.php(124): call_user_func_array()
#53 /home/vagrant/code/public/statamic/vendor/laravel/framework/src/Illuminate/Session/Middleware/StartSession.php(62): Illuminate\Pipeline\Pipeline->Illuminate\Pipeline\{closure}()
#54 [internal function]: Illuminate\Session\Middleware\StartSession->handle()
#55 /home/vagrant/code/public/statamic/vendor/laravel/framework/src/Illuminate/Pipeline/Pipeline.php(124): call_user_func_array()
#56 /home/vagrant/code/public/statamic/vendor/laravel/framework/src/Illuminate/Cookie/Middleware/AddQueuedCookiesToResponse.php(37): Illuminate\Pipeline\Pipeline->Illuminate\Pipeline\{closure}()
#57 [internal function]: Illuminate\Cookie\Middleware\AddQueuedCookiesToResponse->handle()
#58 /home/vagrant/code/public/statamic/vendor/laravel/framework/src/Illuminate/Pipeline/Pipeline.php(124): call_user_func_array()
#59 /home/vagrant/code/public/statamic/vendor/laravel/framework/src/Illuminate/Cookie/Middleware/EncryptCookies.php(59): Illuminate\Pipeline\Pipeline->Illuminate\Pipeline\{closure}()
#60 [internal function]: Illuminate\Cookie\Middleware\EncryptCookies->handle()
#61 /home/vagrant/code/public/statamic/vendor/laravel/framework/src/Illuminate/Pipeline/Pipeline.php(124): call_user_func_array()
#62 /home/vagrant/code/public/statamic/core/StaticCaching/Middleware/Retrieve.php(33): Illuminate\Pipeline\Pipeline->Illuminate\Pipeline\{closure}()
#63 [internal function]: Statamic\StaticCaching\Middleware\Retrieve->handle()
#64 /home/vagrant/code/public/statamic/vendor/laravel/framework/src/Illuminate/Pipeline/Pipeline.php(124): call_user_func_array()
#65 /home/vagrant/code/public/statamic/vendor/laravel/framework/src/Illuminate/Foundation/Http/Middleware/CheckForMaintenanceMode.php(44): Illuminate\Pipeline\Pipeline->Illuminate\Pipeline\{closure}()
#66 [internal function]: Illuminate\Foundation\Http\Middleware\CheckForMaintenanceMode->handle()
#67 /home/vagrant/code/public/statamic/vendor/laravel/framework/src/Illuminate/Pipeline/Pipeline.php(124): call_user_func_array()
#68 [internal function]: Illuminate\Pipeline\Pipeline->Illuminate\Pipeline\{closure}()
#69 /home/vagrant/code/public/statamic/vendor/laravel/framework/src/Illuminate/Pipeline/Pipeline.php(102): call_user_func()
#70 /home/vagrant/code/public/statamic/vendor/laravel/framework/src/Illuminate/Foundation/Http/Kernel.php(122): Illuminate\Pipeline\Pipeline->then()
#71 /home/vagrant/code/public/statamic/vendor/laravel/framework/src/Illuminate/Foundation/Http/Kernel.php(87): Illuminate\Foundation\Http\Kernel->sendRequestThroughRouter()
#72 /home/vagrant/code/public/index.php(167): Illuminate\Foundation\Http\Kernel->handle()
#73 {main}  
[2020-10-21 10:52:38] production.ERROR: Symfony\Component\Debug\Exception\FatalThrowableError: Parse error: syntax error, unexpected end of file, expecting elseif (T_ELSEIF) or else (T_ELSE) or endif (T_ENDIF) in /home/vagrant/code/public/statamic/core/View/Antlers/Parser.php(1235) : eval()'d code:62
Stack trace:
#0 /home/vagrant/code/public/statamic/core/View/Antlers/Parser.php(772): Statamic\View\Antlers\Parser->parsePhp()
#1 /home/vagrant/code/public/statamic/core/View/Antlers/Parser.php(107): Statamic\View\Antlers\Parser->parseConditionals()
#2 /home/vagrant/code/public/statamic/core/View/Antlers/Template.php(32): Statamic\View\Antlers\Parser->parse()
#3 /home/vagrant/code/public/statamic/core/API/Parse.php(22): Statamic\View\Antlers\Template::parse()
#4 /home/vagrant/code/public/statamic/bundles/Partial/PartialTags.php(30): Statamic\API\Parse::template()
#5 [internal function]: Statamic\Addons\Partial\PartialTags->__call()
#6 /home/vagrant/code/public/statamic/core/View/Antlers/Engine.php(163): call_user_func()
#7 [internal function]: Statamic\View\Antlers\Engine::renderTag()
#8 /home/vagrant/code/public/statamic/core/View/Antlers/Parser.php(513): call_user_func_array()
#9 /home/vagrant/code/public/statamic/core/View/Antlers/Parser.php(113): Statamic\View\Antlers\Parser->parseCallbackTags()
#10 /home/vagrant/code/public/statamic/core/View/Antlers/Template.php(32): Statamic\View\Antlers\Parser->parse()
#11 /home/vagrant/code/public/statamic/core/API/Parse.php(22): Statamic\View\Antlers\Template::parse()
#12 /home/vagrant/code/public/statamic/core/View/Antlers/Engine.php(76): Statamic\API\Parse::template()
#13 /home/vagrant/code/public/statamic/vendor/laravel/framework/src/Illuminate/View/View.php(147): Statamic\View\Antlers\Engine->get()
#14 /home/vagrant/code/public/statamic/vendor/laravel/framework/src/Illuminate/View/View.php(118): Illuminate\View\View->getContents()
#15 /home/vagrant/code/public/statamic/vendor/laravel/framework/src/Illuminate/View/View.php(83): Illuminate\View\View->renderContents()
#16 /home/vagrant/code/public/statamic/vendor/laravel/framework/src/Illuminate/Http/Response.php(51): Illuminate\View\View->render()
#17 /home/vagrant/code/public/statamic/core/Http/Controllers/StatamicController.php(253): Illuminate\Http\Response->setContent()
#18 [internal function]: Statamic\Http\Controllers\StatamicController->index()
#19 /home/vagrant/code/public/statamic/vendor/laravel/framework/src/Illuminate/Routing/Controller.php(256): call_user_func_array()
#20 /home/vagrant/code/public/statamic/vendor/laravel/framework/src/Illuminate/Routing/ControllerDispatcher.php(164): Illuminate\Routing\Controller->callAction()
#21 /home/vagrant/code/public/statamic/vendor/laravel/framework/src/Illuminate/Routing/ControllerDispatcher.php(112): Illuminate\Routing\ControllerDispatcher->call()
#22 [internal function]: Illuminate\Routing\ControllerDispatcher->Illuminate\Routing\{closure}()
#23 /home/vagrant/code/public/statamic/vendor/laravel/framework/src/Illuminate/Pipeline/Pipeline.php(139): call_user_func()
#24 [internal function]: Illuminate\Pipeline\Pipeline->Illuminate\Pipeline\{closure}()
#25 /home/vagrant/code/public/statamic/vendor/laravel/framework/src/Illuminate/Pipeline/Pipeline.php(102): call_user_func()
#26 /home/vagrant/code/public/statamic/vendor/laravel/framework/src/Illuminate/Routing/ControllerDispatcher.php(114): Illuminate\Pipeline\Pipeline->then()
#27 /home/vagrant/code/public/statamic/vendor/laravel/framework/src/Illuminate/Routing/ControllerDispatcher.php(68): Illuminate\Routing\ControllerDispatcher->callWithinStack()
#28 /home/vagrant/code/public/statamic/vendor/laravel/framework/src/Illuminate/Routing/Route.php(203): Illuminate\Routing\ControllerDispatcher->dispatch()
#29 /home/vagrant/code/public/statamic/vendor/laravel/framework/src/Illuminate/Routing/Route.php(134): Illuminate\Routing\Route->runWithCustomDispatcher()
#30 /home/vagrant/code/public/statamic/vendor/laravel/framework/src/Illuminate/Routing/Router.php(708): Illuminate\Routing\Route->run()
#31 [internal function]: Illuminate\Routing\Router->Illuminate\Routing\{closure}()
#32 /home/vagrant/code/public/statamic/vendor/laravel/framework/src/Illuminate/Pipeline/Pipeline.php(139): call_user_func()
#33 /home/vagrant/code/public/statamic/core/StaticCaching/Middleware/Cache.php(30): Illuminate\Pipeline\Pipeline->Illuminate\Pipeline\{closure}()
#34 [internal function]: Statamic\StaticCaching\Middleware\Cache->handle()
#35 /home/vagrant/code/public/statamic/vendor/laravel/framework/src/Illuminate/Pipeline/Pipeline.php(124): call_user_func_array()
#36 [internal function]: Illuminate\Pipeline\Pipeline->Illuminate\Pipeline\{closure}()
#37 /home/vagrant/code/public/statamic/vendor/laravel/framework/src/Illuminate/Pipeline/Pipeline.php(102): call_user_func()
#38 /home/vagrant/code/public/statamic/vendor/laravel/framework/src/Illuminate/Routing/Router.php(710): Illuminate\Pipeline\Pipeline->then()
#39 /home/vagrant/code/public/statamic/vendor/laravel/framework/src/Illuminate/Routing/Router.php(674): Illuminate\Routing\Router->runRouteWithinStack()
#40 /home/vagrant/code/public/statamic/vendor/laravel/framework/src/Illuminate/Routing/Router.php(635): Illuminate\Routing\Router->dispatchToRoute()
#41 /home/vagrant/code/public/statamic/vendor/laravel/framework/src/Illuminate/Foundation/Http/Kernel.php(236): Illuminate\Routing\Router->dispatch()
#42 [internal function]: Illuminate\Foundation\Http\Kernel->Illuminate\Foundation\Http\{closure}()
#43 /home/vagrant/code/public/statamic/vendor/laravel/framework/src/Illuminate/Pipeline/Pipeline.php(139): call_user_func()
#44 /home/vagrant/code/public/statamic/core/Http/Middleware/TransformsRequest.php(31): Illuminate\Pipeline\Pipeline->Illuminate\Pipeline\{closure}()
#45 [internal function]: Statamic\Http\Middleware\TransformsRequest->handle()
#46 /home/vagrant/code/public/statamic/vendor/laravel/framework/src/Illuminate/Pipeline/Pipeline.php(124): call_user_func_array()
#47 /home/vagrant/code/public/statamic/vendor/laravel/framework/src/Illuminate/Foundation/Http/Middleware/VerifyCsrfToken.php(50): Illuminate\Pipeline\Pipeline->Illuminate\Pipeline\{closure}()
#48 [internal function]: Illuminate\Foundation\Http\Middleware\VerifyCsrfToken->handle()
#49 /home/vagrant/code/public/statamic/vendor/laravel/framework/src/Illuminate/Pipeline/Pipeline.php(124): call_user_func_array()
#50 /home/vagrant/code/public/statamic/vendor/laravel/framework/src/Illuminate/View/Middleware/ShareErrorsFromSession.php(49): Illuminate\Pipeline\Pipeline->Illuminate\Pipeline\{closure}()
#51 [internal function]: Illuminate\View\Middleware\ShareErrorsFromSession->handle()
#52 /home/vagrant/code/public/statamic/vendor/laravel/framework/src/Illuminate/Pipeline/Pipeline.php(124): call_user_func_array()
#53 /home/vagrant/code/public/statamic/vendor/laravel/framework/src/Illuminate/Session/Middleware/StartSession.php(62): Illuminate\Pipeline\Pipeline->Illuminate\Pipeline\{closure}()
#54 [internal function]: Illuminate\Session\Middleware\StartSession->handle()
#55 /home/vagrant/code/public/statamic/vendor/laravel/framework/src/Illuminate/Pipeline/Pipeline.php(124): call_user_func_array()
#56 /home/vagrant/code/public/statamic/vendor/laravel/framework/src/Illuminate/Cookie/Middleware/AddQueuedCookiesToResponse.php(37): Illuminate\Pipeline\Pipeline->Illuminate\Pipeline\{closure}()
#57 [internal function]: Illuminate\Cookie\Middleware\AddQueuedCookiesToResponse->handle()
#58 /home/vagrant/code/public/statamic/vendor/laravel/framework/src/Illuminate/Pipeline/Pipeline.php(124): call_user_func_array()
#59 /home/vagrant/code/public/statamic/vendor/laravel/framework/src/Illuminate/Cookie/Middleware/EncryptCookies.php(59): Illuminate\Pipeline\Pipeline->Illuminate\Pipeline\{closure}()
#60 [internal function]: Illuminate\Cookie\Middleware\EncryptCookies->handle()
#61 /home/vagrant/code/public/statamic/vendor/laravel/framework/src/Illuminate/Pipeline/Pipeline.php(124): call_user_func_array()
#62 /home/vagrant/code/public/statamic/core/StaticCaching/Middleware/Retrieve.php(33): Illuminate\Pipeline\Pipeline->Illuminate\Pipeline\{closure}()
#63 [internal function]: Statamic\StaticCaching\Middleware\Retrieve->handle()
#64 /home/vagrant/code/public/statamic/vendor/laravel/framework/src/Illuminate/Pipeline/Pipeline.php(124): call_user_func_array()
#65 /home/vagrant/code/public/statamic/vendor/laravel/framework/src/Illuminate/Foundation/Http/Middleware/CheckForMaintenanceMode.php(44): Illuminate\Pipeline\Pipeline->Illuminate\Pipeline\{closure}()
#66 [internal function]: Illuminate\Foundation\Http\Middleware\CheckForMaintenanceMode->handle()
#67 /home/vagrant/code/public/statamic/vendor/laravel/framework/src/Illuminate/Pipeline/Pipeline.php(124): call_user_func_array()
#68 [internal function]: Illuminate\Pipeline\Pipeline->Illuminate\Pipeline\{closure}()
#69 /home/vagrant/code/public/statamic/vendor/laravel/framework/src/Illuminate/Pipeline/Pipeline.php(102): call_user_func()
#70 /home/vagrant/code/public/statamic/vendor/laravel/framework/src/Illuminate/Foundation/Http/Kernel.php(122): Illuminate\Pipeline\Pipeline->then()
#71 /home/vagrant/code/public/statamic/vendor/laravel/framework/src/Illuminate/Foundation/Http/Kernel.php(87): Illuminate\Foundation\Http\Kernel->sendRequestThroughRouter()
#72 /home/vagrant/code/public/index.php(167): Illuminate\Foundation\Http\Kernel->handle()
#73 {main}  
